<?xml version="1.0" encoding="UTF-8"?>
<testsuite name="com.epam.rd.java.basic.practice6.part3.ParkingTest" tests="1" skipped="0" failures="0" errors="0" timestamp="2021-04-23T08:15:36" hostname="Zakhar" time="0.007">
  <properties/>
  <testcase name="depart" classname="com.epam.rd.java.basic.practice6.part3.ParkingTest" time="0.007"/>
  <system-out><![CDATA[]]></system-out>
  <system-err><![CDATA[]]></system-err>
</testsuite>
